<?xml version="1.0" encoding="UTF-8"?>
<testng-results ignored="0" total="3" passed="3" failed="0" skipped="0">
  <reporter-output>
  </reporter-output>
  <suite started-at="2023-01-20T13:07:25Z" name="Suite" finished-at="2023-01-20T13:08:52Z" duration-ms="87857">
    <groups>
    </groups>
    <test started-at="2023-01-20T13:07:25Z" name="Test" finished-at="2023-01-20T13:08:52Z" duration-ms="87857">
      <class name="testCase.TestCase">
        <test-method is-config="true" signature="beforeMethod()[pri:0, instance:testCase.TestCase@6d167f58]" started-at="2023-01-20T18:37:25Z" name="beforeMethod" finished-at="2023-01-20T18:37:43Z" duration-ms="18727" status="PASS">
          <reporter-output>
          </reporter-output>
        </test-method> <!-- beforeMethod -->
        <test-method signature="createIncident()[pri:0, instance:testCase.TestCase@6d167f58]" started-at="2023-01-20T18:37:43Z" name="createIncident" finished-at="2023-01-20T18:37:57Z" duration-ms="13946" status="PASS">
          <reporter-output>
          </reporter-output>
        </test-method> <!-- createIncident -->
        <test-method is-config="true" signature="afterMethod()[pri:0, instance:testCase.TestCase@6d167f58]" started-at="2023-01-20T18:37:57Z" name="afterMethod" finished-at="2023-01-20T18:37:59Z" duration-ms="1645" status="PASS">
          <reporter-output>
          </reporter-output>
        </test-method> <!-- afterMethod -->
        <test-method is-config="true" signature="beforeMethod()[pri:0, instance:testCase.TestCase@6d167f58]" started-at="2023-01-20T18:37:59Z" name="beforeMethod" finished-at="2023-01-20T18:38:12Z" duration-ms="13134" status="PASS">
          <reporter-output>
          </reporter-output>
        </test-method> <!-- beforeMethod -->
        <test-method signature="updateIncident()[pri:0, instance:testCase.TestCase@6d167f58]" started-at="2023-01-20T18:38:12Z" name="updateIncident" finished-at="2023-01-20T18:38:25Z" depends-on-methods="testCase.TestCase.createIncident" duration-ms="12936" status="PASS">
          <reporter-output>
          </reporter-output>
        </test-method> <!-- updateIncident -->
        <test-method is-config="true" signature="afterMethod()[pri:0, instance:testCase.TestCase@6d167f58]" started-at="2023-01-20T18:38:25Z" name="afterMethod" finished-at="2023-01-20T18:38:26Z" duration-ms="1411" status="PASS">
          <reporter-output>
          </reporter-output>
        </test-method> <!-- afterMethod -->
        <test-method is-config="true" signature="beforeMethod()[pri:0, instance:testCase.TestCase@6d167f58]" started-at="2023-01-20T18:38:26Z" name="beforeMethod" finished-at="2023-01-20T18:38:39Z" duration-ms="12958" status="PASS">
          <reporter-output>
          </reporter-output>
        </test-method> <!-- beforeMethod -->
        <test-method signature="DeleteIncident()[pri:0, instance:testCase.TestCase@6d167f58]" started-at="2023-01-20T18:38:39Z" name="DeleteIncident" finished-at="2023-01-20T18:38:51Z" depends-on-methods="testCase.TestCase.updateIncident" duration-ms="11531" status="PASS">
          <reporter-output>
          </reporter-output>
        </test-method> <!-- DeleteIncident -->
        <test-method is-config="true" signature="afterMethod()[pri:0, instance:testCase.TestCase@6d167f58]" started-at="2023-01-20T18:38:51Z" name="afterMethod" finished-at="2023-01-20T18:38:52Z" duration-ms="1502" status="PASS">
          <reporter-output>
          </reporter-output>
        </test-method> <!-- afterMethod -->
      </class> <!-- testCase.TestCase -->
    </test> <!-- Test -->
  </suite> <!-- Suite -->
</testng-results>
