<?xml version="1.0" encoding="UTF-8"?>
<!-- Generated by org.testng.reporters.JUnitXMLReporter -->
<testsuite ignored="0" hostname="DESKTOP-OFHH9LR" failures="0" tests="3" name="Test" time="87.857" errors="0" timestamp="20 Jan 2023 13:08:52 GMT">
  <testcase classname="testCase.TestCase" name="createIncident" time="13.946"/>
  <testcase classname="testCase.TestCase" name="updateIncident" time="12.936"/>
  <testcase classname="testCase.TestCase" name="DeleteIncident" time="11.531"/>
</testsuite> <!-- Test -->
